<?xml version="1.0" encoding="UTF-8"?>
<testsuite xmlns:xsi="http://www.w3.org/2001/XMLSchema-instance" xsi:noNamespaceSchemaLocation="https://maven.apache.org/surefire/maven-surefire-plugin/xsd/surefire-test-report-3.0.xsd" version="3.0" name="com.bank.BankingManagementSystem1ApplicationTests" time="12.974" tests="1" errors="0" skipped="0" failures="0">
  <properties>
[...]
</properties>
  <testcase name="contextLoads" classname="com.bank.BankingManagementSystem1ApplicationTests" time="0.89">
    <system-out><![CDATA[22:06:09.677 [main] INFO org.springframework.test.context.support.AnnotationConfigContextLoaderUtils -- Could not detect default configuration classes for test class [com.bank.BankingManagementSystem1ApplicationTests]: BankingManagementSystem1ApplicationTests does not declare any static, non-private, non-final, nested classes annotated with @Configuration.
22:06:09.892 [main] INFO org.springframework.boot.test.context.SpringBootTestContextBootstrapper -- Found @SpringBootConfiguration com.bank.BankingManagementSystem1Application for test class com.bank.BankingManagementSystem1ApplicationTests
22:06:10.222 [main] INFO org.springframework.boot.devtools.restart.RestartApplicationListener -- Restart disabled due to context in which it is running

  .   ____          _            __ _ _
 /\\ / ___'_ __ _ _(_)_ __  __ _ \ \ \ \
( ( )\___ | '_ | '_| | '_ \/ _` | \ \ \ \
 \\/  ___)| |_)| | | | | || (_| |  ) ) ) )
  '  |____| .__|_| |_|_| |_\__, | / / / /
 =========|_|==============|___/=/_/_/_/
 :: Spring Boot ::                (v3.2.2)

2025-09-18T22:06:10.743+01:00  INFO 5664 --- [           main] BankingManagementSystem1ApplicationTests : Starting BankingManagementSystem1ApplicationTests using Java 21.0.1 with PID 5664 (started by elite in C:\Users\elite\Desktop\angular\EMI Banque)
2025-09-18T22:06:10.745+01:00  INFO 5664 --- [           main] BankingManagementSystem1ApplicationTests : No active profile set, falling back to 1 default profile: "default"
2025-09-18T22:06:12.709+01:00  INFO 5664 --- [           main] .s.d.r.c.RepositoryConfigurationDelegate : Bootstrapping Spring Data JPA repositories in DEFAULT mode.
2025-09-18T22:06:12.850+01:00  INFO 5664 --- [           main] .s.d.r.c.RepositoryConfigurationDelegate : Finished Spring Data repository scanning in 127 ms. Found 5 JPA repository interfaces.
2025-09-18T22:06:14.057+01:00  INFO 5664 --- [           main] o.hibernate.jpa.internal.util.LogHelper  : HHH000204: Processing PersistenceUnitInfo [name: default]
2025-09-18T22:06:14.228+01:00  INFO 5664 --- [           main] org.hibernate.Version                    : HHH000412: Hibernate ORM core version 6.4.1.Final
2025-09-18T22:06:14.329+01:00  INFO 5664 --- [           main] o.h.c.internal.RegionFactoryInitiator    : HHH000026: Second-level cache disabled
2025-09-18T22:06:14.876+01:00  INFO 5664 --- [           main] o.s.o.j.p.SpringPersistenceUnitInfo      : No LoadTimeWeaver setup: ignoring JPA class transformer
2025-09-18T22:06:14.942+01:00  INFO 5664 --- [           main] com.zaxxer.hikari.HikariDataSource       : HikariPool-1 - Starting...
2025-09-18T22:06:15.322+01:00  INFO 5664 --- [           main] com.zaxxer.hikari.pool.HikariPool        : HikariPool-1 - Added connection com.mysql.cj.jdbc.ConnectionImpl@ff21443
2025-09-18T22:06:15.325+01:00  INFO 5664 --- [           main] com.zaxxer.hikari.HikariDataSource       : HikariPool-1 - Start completed.
2025-09-18T22:06:15.380+01:00  WARN 5664 --- [           main] org.hibernate.orm.deprecation            : HHH90000025: MySQL8Dialect does not need to be specified explicitly using 'hibernate.dialect' (remove the property setting and it will be selected by default)
2025-09-18T22:06:15.382+01:00  WARN 5664 --- [           main] org.hibernate.orm.deprecation            : HHH90000026: MySQL8Dialect has been deprecated; use org.hibernate.dialect.MySQLDialect instead
2025-09-18T22:06:17.269+01:00  INFO 5664 --- [           main] o.h.e.t.j.p.i.JtaPlatformInitiator       : HHH000489: No JTA platform available (set 'hibernate.transaction.jta.platform' to enable JTA platform integration)
2025-09-18T22:06:17.472+01:00  INFO 5664 --- [           main] j.LocalContainerEntityManagerFactoryBean : Initialized JPA EntityManagerFactory for persistence unit 'default'
in model mapper bean creation
in init images/
folder exists alrdy !
2025-09-18T22:06:20.189+01:00  INFO 5664 --- [           main] o.s.s.web.DefaultSecurityFilterChain     : Will secure any request with [org.springframework.security.web.session.DisableEncodeUrlFilter@56c39949, org.springframework.security.web.context.request.async.WebAsyncManagerIntegrationFilter@41f3f64, org.springframework.security.web.context.SecurityContextHolderFilter@c509742, org.springframework.security.web.header.HeaderWriterFilter@708f238f, org.springframework.web.filter.CorsFilter@454f6cc5, org.springframework.security.web.authentication.logout.LogoutFilter@54351197, com.bank.security.JWTRequestFilter@76ccde41, org.springframework.security.web.savedrequest.RequestCacheAwareFilter@7d41aefd, org.springframework.security.web.servletapi.SecurityContextHolderAwareRequestFilter@feb57b4, org.springframework.security.web.authentication.AnonymousAuthenticationFilter@3956df0a, org.springframework.security.web.session.SessionManagementFilter@6f8281e6, org.springframework.security.web.access.ExceptionTranslationFilter@1fdbba0d, org.springframework.security.web.access.intercept.AuthorizationFilter@7786c2e0]
2025-09-18T22:06:21.375+01:00  INFO 5664 --- [           main] BankingManagementSystem1ApplicationTests : Started BankingManagementSystem1ApplicationTests in 11.184 seconds (process running for 13.113)
]]></system-out>
    <system-err><![CDATA[WARNING: A Java agent has been loaded dynamically (C:\Users\elite\.m2\repository\net\bytebuddy\byte-buddy-agent\1.14.11\byte-buddy-agent-1.14.11.jar)
WARNING: If a serviceability tool is in use, please run with -XX:+EnableDynamicAgentLoading to hide this warning
WARNING: If a serviceability tool is not in use, please run with -Djdk.instrument.traceUsage for more information
WARNING: Dynamic loading of agents will be disallowed by default in a future release
]]></system-err>
  </testcase>
</testsuite>